<?xml version="1.0" encoding="UTF-8" ?>
<testsuite tests="21" failures="1" name="TestSuite" time="9.68" errors="0" skipped="20">
  <properties>
[...]
</properties>
  <testcase classname="com.udemy.java.test.BrokenLinkTest" name="setDriver" time="0.444">
    <failure message="The driver executable does not exist: C:\home\qa\.arquillian\drone\chrome\2.38\chromedriver" type="java.lang.IllegalStateException">java.lang.IllegalStateException: The driver executable does not exist: C:\home\qa\.arquillian\drone\chrome\2.38\chromedriver
	at com.google.common.base.Preconditions.checkState(Preconditions.java:585)
	at org.openqa.selenium.remote.service.DriverService.checkExecutable(DriverService.java:146)
	at org.openqa.selenium.remote.service.DriverService.findExecutable(DriverService.java:141)
	at org.openqa.selenium.chrome.ChromeDriverService.access$000(ChromeDriverService.java:35)
	at org.openqa.selenium.chrome.ChromeDriverService$Builder.findDefaultExecutable(ChromeDriverService.java:159)
	at org.openqa.selenium.remote.service.DriverService$Builder.build(DriverService.java:355)
	at org.openqa.selenium.chrome.ChromeDriverService.createDefaultService(ChromeDriverService.java:94)
	at org.openqa.selenium.chrome.ChromeDriver.&lt;init&gt;(ChromeDriver.java:123)
	at com.udemy.java.supplier.DriverFactory.lambda$static$0(DriverFactory.java:15)
	at com.udemy.java.supplier.DriverFactory.getDriver(DriverFactory.java:32)
	at com.udemy.java.test.BrokenLinkTest.setDriver(BrokenLinkTest.java:22)
</failure>
    <system-out>Configuring TestNG with: org.apache.maven.surefire.testng.conf.TestNG652Configurator@6ebc05a6
</system-out>
  </testcase>
  <testcase classname="com.udemy.java.test.BrokenLinkTest" name="setDriver" time="0.445">
    <skipped/>
  </testcase>
  <testcase classname="com.udemy.java.test.BrokenLinkTest" name="setDriver" time="0.445">
    <skipped/>
  </testcase>
  <testcase classname="com.udemy.java.test.BrokenLinkTest" name="setDriver" time="0.445">
    <skipped/>
  </testcase>
  <testcase classname="com.udemy.java.test.BrokenLinkTest" name="setDriver" time="0.445">
    <skipped/>
  </testcase>
  <testcase classname="com.udemy.java.test.BrokenLinkTest" name="linkTest" time="0.456">
    <skipped/>
  </testcase>
  <testcase classname="com.udemy.java.test.CheckboxSelectionTest" name="tableRowTest" time="0.465">
    <skipped/>
  </testcase>
  <testcase classname="com.udemy.java.test.CheckboxSelectionTest" name="tableRowTest" time="0.466">
    <skipped/>
  </testcase>
  <testcase classname="com.udemy.java.test.CheckboxSelectionTest" name="tableRowTest" time="0.466">
    <skipped/>
  </testcase>
  <testcase classname="com.udemy.java.test.CheckboxSelectionTest" name="tableRowTest" time="0.466">
    <skipped/>
  </testcase>
  <testcase classname="com.udemy.java.test.CheckboxSelectionTest" name="tableRowTest" time="0.466">
    <skipped/>
  </testcase>
  <testcase classname="com.udemy.java.test.DriverTest" name="googleTest" time="0.466">
    <skipped/>
  </testcase>
  <testcase classname="com.udemy.java.test.HoverableDropdownTest" name="dropdownTest" time="0.467">
    <skipped/>
  </testcase>
  <testcase classname="com.udemy.java.test.HoverableDropdownTest" name="dropdownTest" time="0.467">
    <skipped/>
  </testcase>
  <testcase classname="com.udemy.java.test.HoverableDropdownTest" name="dropdownTest" time="0.467">
    <skipped/>
  </testcase>
  <testcase classname="com.udemy.java.test.PriceTableTest" name="minPriceTest" time="0.467">
    <skipped/>
  </testcase>
  <testcase classname="com.udemy.java.test.BrokenLinkTest" name="quitDriver" time="0.467">
    <skipped/>
  </testcase>
  <testcase classname="com.udemy.java.test.BrokenLinkTest" name="quitDriver" time="0.467">
    <skipped/>
  </testcase>
  <testcase classname="com.udemy.java.test.BrokenLinkTest" name="quitDriver" time="0.467">
    <skipped/>
  </testcase>
  <testcase classname="com.udemy.java.test.BrokenLinkTest" name="quitDriver" time="0.468">
    <skipped/>
  </testcase>
  <testcase classname="com.udemy.java.test.BrokenLinkTest" name="quitDriver" time="0.468">
    <skipped/>
  </testcase>
</testsuite>